<?xml version="1.0" encoding="UTF-8"?>
<testng-results ignored="0" total="1" passed="1" failed="0" skipped="0">
  <reporter-output>
    <line>
      <![CDATA[i am a timeouts]]>
    </line>
  </reporter-output>
  <suite started-at="2024-03-13T19:25:27 IST" name="Default suite" finished-at="2024-03-13T19:25:27 IST" duration-ms="40">
    <groups>
    </groups>
    <test started-at="2024-03-13T19:25:27 IST" name="Default test" finished-at="2024-03-13T19:25:27 IST" duration-ms="40">
      <class name="Practice.Timeouts">
        <test-method signature="A1()[pri:0, instance:Practice.Timeouts@6d763516]" started-at="2024-03-13T19:25:27 IST" name="A1" finished-at="2024-03-13T19:25:27 IST" duration-ms="9" status="PASS">
          <reporter-output>
            <line>
              <![CDATA[i am a timeouts]]>
            </line>
          </reporter-output>
        </test-method> <!-- A1 -->
      </class> <!-- Practice.Timeouts -->
    </test> <!-- Default test -->
  </suite> <!-- Default suite -->
</testng-results>
